<?xml version="1.0" encoding="UTF-8"?>
<testsuite xmlns:xsi="http://www.w3.org/2001/XMLSchema-instance" xsi:noNamespaceSchemaLocation="https://maven.apache.org/surefire/maven-surefire-plugin/xsd/surefire-test-report.xsd" version="3.0.2" name="org.example.springai.AdvisorTest" time="16.115" tests="3" errors="0" skipped="0" failures="0">
  <properties>
    <property name="java.specification.version" value="21"/>
    <property name="sun.cpu.isalist" value="amd64"/>
    <property name="sun.jnu.encoding" value="GBK"/>
    <property name="java.class.path" value="C:\Users\28235\Desktop\java\Java\Spring-ai\target\test-classes;C:\Users\28235\Desktop\java\Java\Spring-ai\target\classes;F:\software\apache-maven-3.9.10-bin\apache-maven-3.9.10\repository\org\springframework\boot\spring-boot-starter\3.5.5\spring-boot-starter-3.5.5.jar;F:\software\apache-maven-3.9.10-bin\apache-maven-3.9.10\repository\org\springframework\boot\spring-boot\3.5.5\spring-boot-3.5.5.jar;F:\software\apache-maven-3.9.10-bin\apache-maven-3.9.10\repository\org\springframework\spring-context\6.2.10\spring-context-6.2.10.jar;F:\software\apache-maven-3.9.10-bin\apache-maven-3.9.10\repository\org\springframework\boot\spring-boot-autoconfigure\3.5.5\spring-boot-autoconfigure-3.5.5.jar;F:\software\apache-maven-3.9.10-bin\apache-maven-3.9.10\repository\org\springframework\boot\spring-boot-starter-logging\3.5.5\spring-boot-starter-logging-3.5.5.jar;F:\software\apache-maven-3.9.10-bin\apache-maven-3.9.10\repository\ch\qos\logback\logback-classic\1.5.18\logback-classic-1.5.18.jar;F:\software\apache-maven-3.9.10-bin\apache-maven-3.9.10\repository\ch\qos\logback\logback-core\1.5.18\logback-core-1.5.18.jar;F:\software\apache-maven-3.9.10-bin\apache-maven-3.9.10\repository\org\apache\logging\log4j\log4j-to-slf4j\2.24.3\log4j-to-slf4j-2.24.3.jar;F:\software\apache-maven-3.9.10-bin\apache-maven-3.9.10\repository\org\apache\logging\log4j\log4j-api\2.24.3\log4j-api-2.24.3.jar;F:\software\apache-maven-3.9.10-bin\apache-maven-3.9.10\repository\org\slf4j\jul-to-slf4j\2.0.17\jul-to-slf4j-2.0.17.jar;F:\software\apache-maven-3.9.10-bin\apache-maven-3.9.10\repository\jakarta\annotation\jakarta.annotation-api\2.1.1\jakarta.annotation-api-2.1.1.jar;F:\software\apache-maven-3.9.10-bin\apache-maven-3.9.10\repository\org\springframework\spring-core\6.2.10\spring-core-6.2.10.jar;F:\software\apache-maven-3.9.10-bin\apache-maven-3.9.10\repository\org\springframework\spring-jcl\6.2.10\spring-jcl-6.2.10.jar;F:\software\apache-maven-3.9.10-bin\apache-maven-3.9.10\repository\org\yaml\snakeyaml\2.4\snakeyaml-2.4.jar;F:\software\apache-maven-3.9.10-bin\apache-maven-3.9.10\repository\org\springframework\boot\spring-boot-starter-web\3.5.5\spring-boot-starter-web-3.5.5.jar;F:\software\apache-maven-3.9.10-bin\apache-maven-3.9.10\repository\org\springframework\boot\spring-boot-starter-json\3.5.5\spring-boot-starter-json-3.5.5.jar;F:\software\apache-maven-3.9.10-bin\apache-maven-3.9.10\repository\com\fasterxml\jackson\core\jackson-databind\2.19.2\jackson-databind-2.19.2.jar;F:\software\apache-maven-3.9.10-bin\apache-maven-3.9.10\repository\com\fasterxml\jackson\core\jackson-annotations\2.19.2\jackson-annotations-2.19.2.jar;F:\software\apache-maven-3.9.10-bin\apache-maven-3.9.10\repository\com\fasterxml\jackson\core\jackson-core\2.19.2\jackson-core-2.19.2.jar;F:\software\apache-maven-3.9.10-bin\apache-maven-3.9.10\repository\com\fasterxml\jackson\datatype\jackson-datatype-jdk8\2.19.2\jackson-datatype-jdk8-2.19.2.jar;F:\software\apache-maven-3.9.10-bin\apache-maven-3.9.10\repository\com\fasterxml\jackson\datatype\jackson-datatype-jsr310\2.19.2\jackson-datatype-jsr310-2.19.2.jar;F:\software\apache-maven-3.9.10-bin\apache-maven-3.9.10\repository\com\fasterxml\jackson\module\jackson-module-parameter-names\2.19.2\jackson-module-parameter-names-2.19.2.jar;F:\software\apache-maven-3.9.10-bin\apache-maven-3.9.10\repository\org\springframework\boot\spring-boot-starter-tomcat\3.5.5\spring-boot-starter-tomcat-3.5.5.jar;F:\software\apache-maven-3.9.10-bin\apache-maven-3.9.10\repository\org\apache\tomcat\embed\tomcat-embed-core\10.1.44\tomcat-embed-core-10.1.44.jar;F:\software\apache-maven-3.9.10-bin\apache-maven-3.9.10\repository\org\apache\tomcat\embed\tomcat-embed-el\10.1.44\tomcat-embed-el-10.1.44.jar;F:\software\apache-maven-3.9.10-bin\apache-maven-3.9.10\repository\org\apache\tomcat\embed\tomcat-embed-websocket\10.1.44\tomcat-embed-websocket-10.1.44.jar;F:\software\apache-maven-3.9.10-bin\apache-maven-3.9.10\repository\org\springframework\spring-web\6.2.10\spring-web-6.2.10.jar;F:\software\apache-maven-3.9.10-bin\apache-maven-3.9.10\repository\org\springframework\spring-beans\6.2.10\spring-beans-6.2.10.jar;F:\software\apache-maven-3.9.10-bin\apache-maven-3.9.10\repository\io\micrometer\micrometer-observation\1.15.3\micrometer-observation-1.15.3.jar;F:\software\apache-maven-3.9.10-bin\apache-maven-3.9.10\repository\io\micrometer\micrometer-commons\1.15.3\micrometer-commons-1.15.3.jar;F:\software\apache-maven-3.9.10-bin\apache-maven-3.9.10\repository\org\springframework\spring-webmvc\6.2.10\spring-webmvc-6.2.10.jar;F:\software\apache-maven-3.9.10-bin\apache-maven-3.9.10\repository\org\springframework\spring-aop\6.2.10\spring-aop-6.2.10.jar;F:\software\apache-maven-3.9.10-bin\apache-maven-3.9.10\repository\org\springframework\spring-expression\6.2.10\spring-expression-6.2.10.jar;F:\software\apache-maven-3.9.10-bin\apache-maven-3.9.10\repository\org\springframework\boot\spring-boot-starter-test\3.5.5\spring-boot-starter-test-3.5.5.jar;F:\software\apache-maven-3.9.10-bin\apache-maven-3.9.10\repository\org\springframework\boot\spring-boot-test\3.5.5\spring-boot-test-3.5.5.jar;F:\software\apache-maven-3.9.10-bin\apache-maven-3.9.10\repository\org\springframework\boot\spring-boot-test-autoconfigure\3.5.5\spring-boot-test-autoconfigure-3.5.5.jar;F:\software\apache-maven-3.9.10-bin\apache-maven-3.9.10\repository\com\jayway\jsonpath\json-path\2.9.0\json-path-2.9.0.jar;F:\software\apache-maven-3.9.10-bin\apache-maven-3.9.10\repository\org\slf4j\slf4j-api\2.0.17\slf4j-api-2.0.17.jar;F:\software\apache-maven-3.9.10-bin\apache-maven-3.9.10\repository\jakarta\xml\bind\jakarta.xml.bind-api\4.0.2\jakarta.xml.bind-api-4.0.2.jar;F:\software\apache-maven-3.9.10-bin\apache-maven-3.9.10\repository\jakarta\activation\jakarta.activation-api\2.1.3\jakarta.activation-api-2.1.3.jar;F:\software\apache-maven-3.9.10-bin\apache-maven-3.9.10\repository\net\minidev\json-smart\2.5.2\json-smart-2.5.2.jar;F:\software\apache-maven-3.9.10-bin\apache-maven-3.9.10\repository\net\minidev\accessors-smart\2.5.2\accessors-smart-2.5.2.jar;F:\software\apache-maven-3.9.10-bin\apache-maven-3.9.10\repository\org\ow2\asm\asm\9.7.1\asm-9.7.1.jar;F:\software\apache-maven-3.9.10-bin\apache-maven-3.9.10\repository\org\assertj\assertj-core\3.27.4\assertj-core-3.27.4.jar;F:\software\apache-maven-3.9.10-bin\apache-maven-3.9.10\repository\net\bytebuddy\byte-buddy\1.17.7\byte-buddy-1.17.7.jar;F:\software\apache-maven-3.9.10-bin\apache-maven-3.9.10\repository\org\awaitility\awaitility\4.2.2\awaitility-4.2.2.jar;F:\software\apache-maven-3.9.10-bin\apache-maven-3.9.10\repository\org\hamcrest\hamcrest\3.0\hamcrest-3.0.jar;F:\software\apache-maven-3.9.10-bin\apache-maven-3.9.10\repository\org\junit\jupiter\junit-jupiter\5.12.2\junit-jupiter-5.12.2.jar;F:\software\apache-maven-3.9.10-bin\apache-maven-3.9.10\repository\org\junit\jupiter\junit-jupiter-api\5.12.2\junit-jupiter-api-5.12.2.jar;F:\software\apache-maven-3.9.10-bin\apache-maven-3.9.10\repository\org\opentest4j\opentest4j\1.3.0\opentest4j-1.3.0.jar;F:\software\apache-maven-3.9.10-bin\apache-maven-3.9.10\repository\org\junit\platform\junit-platform-commons\1.12.2\junit-platform-commons-1.12.2.jar;F:\software\apache-maven-3.9.10-bin\apache-maven-3.9.10\repository\org\apiguardian\apiguardian-api\1.1.2\apiguardian-api-1.1.2.jar;F:\software\apache-maven-3.9.10-bin\apache-maven-3.9.10\repository\org\junit\jupiter\junit-jupiter-params\5.12.2\junit-jupiter-params-5.12.2.jar;F:\software\apache-maven-3.9.10-bin\apache-maven-3.9.10\repository\org\junit\jupiter\junit-jupiter-engine\5.12.2\junit-jupiter-engine-5.12.2.jar;F:\software\apache-maven-3.9.10-bin\apache-maven-3.9.10\repository\org\junit\platform\junit-platform-engine\1.12.2\junit-platform-engine-1.12.2.jar;F:\software\apache-maven-3.9.10-bin\apache-maven-3.9.10\repository\org\mockito\mockito-core\5.17.0\mockito-core-5.17.0.jar;F:\software\apache-maven-3.9.10-bin\apache-maven-3.9.10\repository\net\bytebuddy\byte-buddy-agent\1.17.7\byte-buddy-agent-1.17.7.jar;F:\software\apache-maven-3.9.10-bin\apache-maven-3.9.10\repository\org\objenesis\objenesis\3.3\objenesis-3.3.jar;F:\software\apache-maven-3.9.10-bin\apache-maven-3.9.10\repository\org\mockito\mockito-junit-jupiter\5.17.0\mockito-junit-jupiter-5.17.0.jar;F:\software\apache-maven-3.9.10-bin\apache-maven-3.9.10\repository\org\skyscreamer\jsonassert\1.5.3\jsonassert-1.5.3.jar;F:\software\apache-maven-3.9.10-bin\apache-maven-3.9.10\repository\com\vaadin\external\google\android-json\0.0.20131108.vaadin1\android-json-0.0.20131108.vaadin1.jar;F:\software\apache-maven-3.9.10-bin\apache-maven-3.9.10\repository\org\springframework\spring-test\6.2.10\spring-test-6.2.10.jar;F:\software\apache-maven-3.9.10-bin\apache-maven-3.9.10\repository\org\xmlunit\xmlunit-core\2.10.3\xmlunit-core-2.10.3.jar;F:\software\apache-maven-3.9.10-bin\apache-maven-3.9.10\repository\org\springframework\ai\spring-ai-starter-model-deepseek\1.0.0\spring-ai-starter-model-deepseek-1.0.0.jar;F:\software\apache-maven-3.9.10-bin\apache-maven-3.9.10\repository\org\springframework\ai\spring-ai-autoconfigure-model-deepseek\1.0.0\spring-ai-autoconfigure-model-deepseek-1.0.0.jar;F:\software\apache-maven-3.9.10-bin\apache-maven-3.9.10\repository\org\springframework\ai\spring-ai-autoconfigure-model-tool\1.0.0\spring-ai-autoconfigure-model-tool-1.0.0.jar;F:\software\apache-maven-3.9.10-bin\apache-maven-3.9.10\repository\org\springframework\ai\spring-ai-autoconfigure-retry\1.0.0\spring-ai-autoconfigure-retry-1.0.0.jar;F:\software\apache-maven-3.9.10-bin\apache-maven-3.9.10\repository\org\springframework\ai\spring-ai-autoconfigure-model-chat-observation\1.0.0\spring-ai-autoconfigure-model-chat-observation-1.0.0.jar;F:\software\apache-maven-3.9.10-bin\apache-maven-3.9.10\repository\org\springframework\ai\spring-ai-deepseek\1.0.0\spring-ai-deepseek-1.0.0.jar;F:\software\apache-maven-3.9.10-bin\apache-maven-3.9.10\repository\org\springframework\ai\spring-ai-retry\1.0.0\spring-ai-retry-1.0.0.jar;F:\software\apache-maven-3.9.10-bin\apache-maven-3.9.10\repository\org\springframework\retry\spring-retry\2.0.12\spring-retry-2.0.12.jar;F:\software\apache-maven-3.9.10-bin\apache-maven-3.9.10\repository\org\springframework\spring-webflux\6.2.10\spring-webflux-6.2.10.jar;F:\software\apache-maven-3.9.10-bin\apache-maven-3.9.10\repository\org\springframework\spring-context-support\6.2.10\spring-context-support-6.2.10.jar;F:\software\apache-maven-3.9.10-bin\apache-maven-3.9.10\repository\org\springframework\ai\spring-ai-autoconfigure-model-chat-client\1.0.0\spring-ai-autoconfigure-model-chat-client-1.0.0.jar;F:\software\apache-maven-3.9.10-bin\apache-maven-3.9.10\repository\org\springframework\ai\spring-ai-client-chat\1.0.0\spring-ai-client-chat-1.0.0.jar;F:\software\apache-maven-3.9.10-bin\apache-maven-3.9.10\repository\com\fasterxml\jackson\module\jackson-module-jsonSchema\2.19.2\jackson-module-jsonSchema-2.19.2.jar;F:\software\apache-maven-3.9.10-bin\apache-maven-3.9.10\repository\javax\validation\validation-api\1.1.0.Final\validation-api-1.1.0.Final.jar;F:\software\apache-maven-3.9.10-bin\apache-maven-3.9.10\repository\com\knuddels\jtokkit\1.1.0\jtokkit-1.1.0.jar;F:\software\apache-maven-3.9.10-bin\apache-maven-3.9.10\repository\org\springframework\ai\spring-ai-starter-model-ollama\1.0.0\spring-ai-starter-model-ollama-1.0.0.jar;F:\software\apache-maven-3.9.10-bin\apache-maven-3.9.10\repository\org\springframework\ai\spring-ai-autoconfigure-model-ollama\1.0.0\spring-ai-autoconfigure-model-ollama-1.0.0.jar;F:\software\apache-maven-3.9.10-bin\apache-maven-3.9.10\repository\org\springframework\ai\spring-ai-autoconfigure-model-embedding-observation\1.0.0\spring-ai-autoconfigure-model-embedding-observation-1.0.0.jar;F:\software\apache-maven-3.9.10-bin\apache-maven-3.9.10\repository\org\springframework\ai\spring-ai-ollama\1.0.0\spring-ai-ollama-1.0.0.jar;F:\software\apache-maven-3.9.10-bin\apache-maven-3.9.10\repository\com\alibaba\cloud\ai\spring-ai-alibaba-starter-dashscope\1.0.0.2\spring-ai-alibaba-starter-dashscope-1.0.0.2.jar;F:\software\apache-maven-3.9.10-bin\apache-maven-3.9.10\repository\com\alibaba\cloud\ai\spring-ai-alibaba-autoconfigure-dashscope\1.0.0.2\spring-ai-alibaba-autoconfigure-dashscope-1.0.0.2.jar;F:\software\apache-maven-3.9.10-bin\apache-maven-3.9.10\repository\com\alibaba\cloud\ai\spring-ai-alibaba-core\1.0.0.2\spring-ai-alibaba-core-1.0.0.2.jar;F:\software\apache-maven-3.9.10-bin\apache-maven-3.9.10\repository\org\springframework\ai\spring-ai-rag\1.0.0\spring-ai-rag-1.0.0.jar;F:\software\apache-maven-3.9.10-bin\apache-maven-3.9.10\repository\org\springframework\ai\spring-ai-vector-store\1.0.0\spring-ai-vector-store-1.0.0.jar;F:\software\apache-maven-3.9.10-bin\apache-maven-3.9.10\repository\commons-codec\commons-codec\1.18.0\commons-codec-1.18.0.jar;F:\software\apache-maven-3.9.10-bin\apache-maven-3.9.10\repository\com\squareup\okhttp3\okhttp\4.12.0\okhttp-4.12.0.jar;F:\software\apache-maven-3.9.10-bin\apache-maven-3.9.10\repository\com\squareup\okio\okio\3.6.0\okio-3.6.0.jar;F:\software\apache-maven-3.9.10-bin\apache-maven-3.9.10\repository\com\squareup\okio\okio-jvm\3.6.0\okio-jvm-3.6.0.jar;F:\software\apache-maven-3.9.10-bin\apache-maven-3.9.10\repository\org\jetbrains\kotlin\kotlin-stdlib-common\1.9.25\kotlin-stdlib-common-1.9.25.jar;F:\software\apache-maven-3.9.10-bin\apache-maven-3.9.10\repository\org\jetbrains\kotlin\kotlin-stdlib-jdk8\1.9.25\kotlin-stdlib-jdk8-1.9.25.jar;F:\software\apache-maven-3.9.10-bin\apache-maven-3.9.10\repository\org\jetbrains\kotlin\kotlin-stdlib\1.9.25\kotlin-stdlib-1.9.25.jar;F:\software\apache-maven-3.9.10-bin\apache-maven-3.9.10\repository\org\jetbrains\annotations\13.0\annotations-13.0.jar;F:\software\apache-maven-3.9.10-bin\apache-maven-3.9.10\repository\org\jetbrains\kotlin\kotlin-stdlib-jdk7\1.9.25\kotlin-stdlib-jdk7-1.9.25.jar;F:\software\apache-maven-3.9.10-bin\apache-maven-3.9.10\repository\com\squareup\okhttp3\logging-interceptor\4.12.0\logging-interceptor-4.12.0.jar;F:\software\apache-maven-3.9.10-bin\apache-maven-3.9.10\repository\org\apache\opennlp\opennlp-tools\2.3.3\opennlp-tools-2.3.3.jar;F:\software\apache-maven-3.9.10-bin\apache-maven-3.9.10\repository\org\springframework\ai\spring-ai-autoconfigure-model-chat-memory\1.0.0\spring-ai-autoconfigure-model-chat-memory-1.0.0.jar;F:\software\apache-maven-3.9.10-bin\apache-maven-3.9.10\repository\org\springframework\ai\spring-ai-model\1.0.0\spring-ai-model-1.0.0.jar;F:\software\apache-maven-3.9.10-bin\apache-maven-3.9.10\repository\org\springframework\ai\spring-ai-commons\1.0.0\spring-ai-commons-1.0.0.jar;F:\software\apache-maven-3.9.10-bin\apache-maven-3.9.10\repository\io\micrometer\micrometer-core\1.15.3\micrometer-core-1.15.3.jar;F:\software\apache-maven-3.9.10-bin\apache-maven-3.9.10\repository\org\hdrhistogram\HdrHistogram\2.2.2\HdrHistogram-2.2.2.jar;F:\software\apache-maven-3.9.10-bin\apache-maven-3.9.10\repository\org\latencyutils\LatencyUtils\2.0.3\LatencyUtils-2.0.3.jar;F:\software\apache-maven-3.9.10-bin\apache-maven-3.9.10\repository\io\micrometer\context-propagation\1.1.3\context-propagation-1.1.3.jar;F:\software\apache-maven-3.9.10-bin\apache-maven-3.9.10\repository\org\springframework\ai\spring-ai-template-st\1.0.0\spring-ai-template-st-1.0.0.jar;F:\software\apache-maven-3.9.10-bin\apache-maven-3.9.10\repository\org\antlr\ST4\4.3.4\ST4-4.3.4.jar;F:\software\apache-maven-3.9.10-bin\apache-maven-3.9.10\repository\org\antlr\antlr-runtime\3.5.3\antlr-runtime-3.5.3.jar;F:\software\apache-maven-3.9.10-bin\apache-maven-3.9.10\repository\org\springframework\spring-messaging\6.2.10\spring-messaging-6.2.10.jar;F:\software\apache-maven-3.9.10-bin\apache-maven-3.9.10\repository\io\projectreactor\reactor-core\3.7.9\reactor-core-3.7.9.jar;F:\software\apache-maven-3.9.10-bin\apache-maven-3.9.10\repository\org\reactivestreams\reactive-streams\1.0.4\reactive-streams-1.0.4.jar;F:\software\apache-maven-3.9.10-bin\apache-maven-3.9.10\repository\org\antlr\antlr4-runtime\4.13.1\antlr4-runtime-4.13.1.jar;F:\software\apache-maven-3.9.10-bin\apache-maven-3.9.10\repository\com\github\victools\jsonschema-generator\4.37.0\jsonschema-generator-4.37.0.jar;F:\software\apache-maven-3.9.10-bin\apache-maven-3.9.10\repository\com\fasterxml\classmate\1.7.0\classmate-1.7.0.jar;F:\software\apache-maven-3.9.10-bin\apache-maven-3.9.10\repository\com\github\victools\jsonschema-module-jackson\4.37.0\jsonschema-module-jackson-4.37.0.jar;F:\software\apache-maven-3.9.10-bin\apache-maven-3.9.10\repository\com\github\victools\jsonschema-module-swagger-2\4.37.0\jsonschema-module-swagger-2-4.37.0.jar;F:\software\apache-maven-3.9.10-bin\apache-maven-3.9.10\repository\io\swagger\core\v3\swagger-annotations\2.2.25\swagger-annotations-2.2.25.jar;F:\software\apache-maven-3.9.10-bin\apache-maven-3.9.10\repository\org\springframework\ai\spring-ai-starter-model-chat-memory-repository-jdbc\1.0.0\spring-ai-starter-model-chat-memory-repository-jdbc-1.0.0.jar;F:\software\apache-maven-3.9.10-bin\apache-maven-3.9.10\repository\org\springframework\ai\spring-ai-autoconfigure-model-chat-memory-repository-jdbc\1.0.0\spring-ai-autoconfigure-model-chat-memory-repository-jdbc-1.0.0.jar;F:\software\apache-maven-3.9.10-bin\apache-maven-3.9.10\repository\org\hsqldb\hsqldb\2.7.3\hsqldb-2.7.3.jar;F:\software\apache-maven-3.9.10-bin\apache-maven-3.9.10\repository\org\springframework\ai\spring-ai-model-chat-memory-repository-jdbc\1.0.0\spring-ai-model-chat-memory-repository-jdbc-1.0.0.jar;F:\software\apache-maven-3.9.10-bin\apache-maven-3.9.10\repository\org\springframework\boot\spring-boot-starter-jdbc\3.5.5\spring-boot-starter-jdbc-3.5.5.jar;F:\software\apache-maven-3.9.10-bin\apache-maven-3.9.10\repository\com\zaxxer\HikariCP\6.3.2\HikariCP-6.3.2.jar;F:\software\apache-maven-3.9.10-bin\apache-maven-3.9.10\repository\org\springframework\spring-jdbc\6.2.10\spring-jdbc-6.2.10.jar;F:\software\apache-maven-3.9.10-bin\apache-maven-3.9.10\repository\org\springframework\spring-tx\6.2.10\spring-tx-6.2.10.jar;F:\software\apache-maven-3.9.10-bin\apache-maven-3.9.10\repository\com\mysql\mysql-connector-j\9.4.0\mysql-connector-j-9.4.0.jar;"/>
    <property name="java.vm.vendor" value="Oracle Corporation"/>
    <property name="sun.arch.data.model" value="64"/>
    <property name="user.variant" value=""/>
    <property name="java.vendor.url" value="https://java.oracle.com/"/>
    <property name="user.timezone" value="Asia/Hong_Kong"/>
    <property name="user.country.format" value="HK"/>
    <property name="os.name" value="Windows 11"/>
    <property name="java.vm.specification.version" value="21"/>
    <property name="APPLICATION_NAME" value="Spring-ai"/>
    <property name="sun.java.launcher" value="SUN_STANDARD"/>
    <property name="user.country" value="CN"/>
    <property name="sun.boot.library.path" value="G:\path\java\bin"/>
    <property name="sun.java.command" value="C:\Users\28235\AppData\Local\Temp\surefire4273089102305063336\surefirebooter-20250925233701222_3.jar C:\Users\28235\AppData\Local\Temp\surefire4273089102305063336 2025-09-25T23-37-01_120-jvmRun1 surefire-20250925233701222_1tmp surefire_0-20250925233701222_2tmp"/>
    <property name="jdk.debug" value="release"/>
    <property name="surefire.test.class.path" value="C:\Users\28235\Desktop\java\Java\Spring-ai\target\test-classes;C:\Users\28235\Desktop\java\Java\Spring-ai\target\classes;F:\software\apache-maven-3.9.10-bin\apache-maven-3.9.10\repository\org\springframework\boot\spring-boot-starter\3.5.5\spring-boot-starter-3.5.5.jar;F:\software\apache-maven-3.9.10-bin\apache-maven-3.9.10\repository\org\springframework\boot\spring-boot\3.5.5\spring-boot-3.5.5.jar;F:\software\apache-maven-3.9.10-bin\apache-maven-3.9.10\repository\org\springframework\spring-context\6.2.10\spring-context-6.2.10.jar;F:\software\apache-maven-3.9.10-bin\apache-maven-3.9.10\repository\org\springframework\boot\spring-boot-autoconfigure\3.5.5\spring-boot-autoconfigure-3.5.5.jar;F:\software\apache-maven-3.9.10-bin\apache-maven-3.9.10\repository\org\springframework\boot\spring-boot-starter-logging\3.5.5\spring-boot-starter-logging-3.5.5.jar;F:\software\apache-maven-3.9.10-bin\apache-maven-3.9.10\repository\ch\qos\logback\logback-classic\1.5.18\logback-classic-1.5.18.jar;F:\software\apache-maven-3.9.10-bin\apache-maven-3.9.10\repository\ch\qos\logback\logback-core\1.5.18\logback-core-1.5.18.jar;F:\software\apache-maven-3.9.10-bin\apache-maven-3.9.10\repository\org\apache\logging\log4j\log4j-to-slf4j\2.24.3\log4j-to-slf4j-2.24.3.jar;F:\software\apache-maven-3.9.10-bin\apache-maven-3.9.10\repository\org\apache\logging\log4j\log4j-api\2.24.3\log4j-api-2.24.3.jar;F:\software\apache-maven-3.9.10-bin\apache-maven-3.9.10\repository\org\slf4j\jul-to-slf4j\2.0.17\jul-to-slf4j-2.0.17.jar;F:\software\apache-maven-3.9.10-bin\apache-maven-3.9.10\repository\jakarta\annotation\jakarta.annotation-api\2.1.1\jakarta.annotation-api-2.1.1.jar;F:\software\apache-maven-3.9.10-bin\apache-maven-3.9.10\repository\org\springframework\spring-core\6.2.10\spring-core-6.2.10.jar;F:\software\apache-maven-3.9.10-bin\apache-maven-3.9.10\repository\org\springframework\spring-jcl\6.2.10\spring-jcl-6.2.10.jar;F:\software\apache-maven-3.9.10-bin\apache-maven-3.9.10\repository\org\yaml\snakeyaml\2.4\snakeyaml-2.4.jar;F:\software\apache-maven-3.9.10-bin\apache-maven-3.9.10\repository\org\springframework\boot\spring-boot-starter-web\3.5.5\spring-boot-starter-web-3.5.5.jar;F:\software\apache-maven-3.9.10-bin\apache-maven-3.9.10\repository\org\springframework\boot\spring-boot-starter-json\3.5.5\spring-boot-starter-json-3.5.5.jar;F:\software\apache-maven-3.9.10-bin\apache-maven-3.9.10\repository\com\fasterxml\jackson\core\jackson-databind\2.19.2\jackson-databind-2.19.2.jar;F:\software\apache-maven-3.9.10-bin\apache-maven-3.9.10\repository\com\fasterxml\jackson\core\jackson-annotations\2.19.2\jackson-annotations-2.19.2.jar;F:\software\apache-maven-3.9.10-bin\apache-maven-3.9.10\repository\com\fasterxml\jackson\core\jackson-core\2.19.2\jackson-core-2.19.2.jar;F:\software\apache-maven-3.9.10-bin\apache-maven-3.9.10\repository\com\fasterxml\jackson\datatype\jackson-datatype-jdk8\2.19.2\jackson-datatype-jdk8-2.19.2.jar;F:\software\apache-maven-3.9.10-bin\apache-maven-3.9.10\repository\com\fasterxml\jackson\datatype\jackson-datatype-jsr310\2.19.2\jackson-datatype-jsr310-2.19.2.jar;F:\software\apache-maven-3.9.10-bin\apache-maven-3.9.10\repository\com\fasterxml\jackson\module\jackson-module-parameter-names\2.19.2\jackson-module-parameter-names-2.19.2.jar;F:\software\apache-maven-3.9.10-bin\apache-maven-3.9.10\repository\org\springframework\boot\spring-boot-starter-tomcat\3.5.5\spring-boot-starter-tomcat-3.5.5.jar;F:\software\apache-maven-3.9.10-bin\apache-maven-3.9.10\repository\org\apache\tomcat\embed\tomcat-embed-core\10.1.44\tomcat-embed-core-10.1.44.jar;F:\software\apache-maven-3.9.10-bin\apache-maven-3.9.10\repository\org\apache\tomcat\embed\tomcat-embed-el\10.1.44\tomcat-embed-el-10.1.44.jar;F:\software\apache-maven-3.9.10-bin\apache-maven-3.9.10\repository\org\apache\tomcat\embed\tomcat-embed-websocket\10.1.44\tomcat-embed-websocket-10.1.44.jar;F:\software\apache-maven-3.9.10-bin\apache-maven-3.9.10\repository\org\springframework\spring-web\6.2.10\spring-web-6.2.10.jar;F:\software\apache-maven-3.9.10-bin\apache-maven-3.9.10\repository\org\springframework\spring-beans\6.2.10\spring-beans-6.2.10.jar;F:\software\apache-maven-3.9.10-bin\apache-maven-3.9.10\repository\io\micrometer\micrometer-observation\1.15.3\micrometer-observation-1.15.3.jar;F:\software\apache-maven-3.9.10-bin\apache-maven-3.9.10\repository\io\micrometer\micrometer-commons\1.15.3\micrometer-commons-1.15.3.jar;F:\software\apache-maven-3.9.10-bin\apache-maven-3.9.10\repository\org\springframework\spring-webmvc\6.2.10\spring-webmvc-6.2.10.jar;F:\software\apache-maven-3.9.10-bin\apache-maven-3.9.10\repository\org\springframework\spring-aop\6.2.10\spring-aop-6.2.10.jar;F:\software\apache-maven-3.9.10-bin\apache-maven-3.9.10\repository\org\springframework\spring-expression\6.2.10\spring-expression-6.2.10.jar;F:\software\apache-maven-3.9.10-bin\apache-maven-3.9.10\repository\org\springframework\boot\spring-boot-starter-test\3.5.5\spring-boot-starter-test-3.5.5.jar;F:\software\apache-maven-3.9.10-bin\apache-maven-3.9.10\repository\org\springframework\boot\spring-boot-test\3.5.5\spring-boot-test-3.5.5.jar;F:\software\apache-maven-3.9.10-bin\apache-maven-3.9.10\repository\org\springframework\boot\spring-boot-test-autoconfigure\3.5.5\spring-boot-test-autoconfigure-3.5.5.jar;F:\software\apache-maven-3.9.10-bin\apache-maven-3.9.10\repository\com\jayway\jsonpath\json-path\2.9.0\json-path-2.9.0.jar;F:\software\apache-maven-3.9.10-bin\apache-maven-3.9.10\repository\org\slf4j\slf4j-api\2.0.17\slf4j-api-2.0.17.jar;F:\software\apache-maven-3.9.10-bin\apache-maven-3.9.10\repository\jakarta\xml\bind\jakarta.xml.bind-api\4.0.2\jakarta.xml.bind-api-4.0.2.jar;F:\software\apache-maven-3.9.10-bin\apache-maven-3.9.10\repository\jakarta\activation\jakarta.activation-api\2.1.3\jakarta.activation-api-2.1.3.jar;F:\software\apache-maven-3.9.10-bin\apache-maven-3.9.10\repository\net\minidev\json-smart\2.5.2\json-smart-2.5.2.jar;F:\software\apache-maven-3.9.10-bin\apache-maven-3.9.10\repository\net\minidev\accessors-smart\2.5.2\accessors-smart-2.5.2.jar;F:\software\apache-maven-3.9.10-bin\apache-maven-3.9.10\repository\org\ow2\asm\asm\9.7.1\asm-9.7.1.jar;F:\software\apache-maven-3.9.10-bin\apache-maven-3.9.10\repository\org\assertj\assertj-core\3.27.4\assertj-core-3.27.4.jar;F:\software\apache-maven-3.9.10-bin\apache-maven-3.9.10\repository\net\bytebuddy\byte-buddy\1.17.7\byte-buddy-1.17.7.jar;F:\software\apache-maven-3.9.10-bin\apache-maven-3.9.10\repository\org\awaitility\awaitility\4.2.2\awaitility-4.2.2.jar;F:\software\apache-maven-3.9.10-bin\apache-maven-3.9.10\repository\org\hamcrest\hamcrest\3.0\hamcrest-3.0.jar;F:\software\apache-maven-3.9.10-bin\apache-maven-3.9.10\repository\org\junit\jupiter\junit-jupiter\5.12.2\junit-jupiter-5.12.2.jar;F:\software\apache-maven-3.9.10-bin\apache-maven-3.9.10\repository\org\junit\jupiter\junit-jupiter-api\5.12.2\junit-jupiter-api-5.12.2.jar;F:\software\apache-maven-3.9.10-bin\apache-maven-3.9.10\repository\org\opentest4j\opentest4j\1.3.0\opentest4j-1.3.0.jar;F:\software\apache-maven-3.9.10-bin\apache-maven-3.9.10\repository\org\junit\platform\junit-platform-commons\1.12.2\junit-platform-commons-1.12.2.jar;F:\software\apache-maven-3.9.10-bin\apache-maven-3.9.10\repository\org\apiguardian\apiguardian-api\1.1.2\apiguardian-api-1.1.2.jar;F:\software\apache-maven-3.9.10-bin\apache-maven-3.9.10\repository\org\junit\jupiter\junit-jupiter-params\5.12.2\junit-jupiter-params-5.12.2.jar;F:\software\apache-maven-3.9.10-bin\apache-maven-3.9.10\repository\org\junit\jupiter\junit-jupiter-engine\5.12.2\junit-jupiter-engine-5.12.2.jar;F:\software\apache-maven-3.9.10-bin\apache-maven-3.9.10\repository\org\junit\platform\junit-platform-engine\1.12.2\junit-platform-engine-1.12.2.jar;F:\software\apache-maven-3.9.10-bin\apache-maven-3.9.10\repository\org\mockito\mockito-core\5.17.0\mockito-core-5.17.0.jar;F:\software\apache-maven-3.9.10-bin\apache-maven-3.9.10\repository\net\bytebuddy\byte-buddy-agent\1.17.7\byte-buddy-agent-1.17.7.jar;F:\software\apache-maven-3.9.10-bin\apache-maven-3.9.10\repository\org\objenesis\objenesis\3.3\objenesis-3.3.jar;F:\software\apache-maven-3.9.10-bin\apache-maven-3.9.10\repository\org\mockito\mockito-junit-jupiter\5.17.0\mockito-junit-jupiter-5.17.0.jar;F:\software\apache-maven-3.9.10-bin\apache-maven-3.9.10\repository\org\skyscreamer\jsonassert\1.5.3\jsonassert-1.5.3.jar;F:\software\apache-maven-3.9.10-bin\apache-maven-3.9.10\repository\com\vaadin\external\google\android-json\0.0.20131108.vaadin1\android-json-0.0.20131108.vaadin1.jar;F:\software\apache-maven-3.9.10-bin\apache-maven-3.9.10\repository\org\springframework\spring-test\6.2.10\spring-test-6.2.10.jar;F:\software\apache-maven-3.9.10-bin\apache-maven-3.9.10\repository\org\xmlunit\xmlunit-core\2.10.3\xmlunit-core-2.10.3.jar;F:\software\apache-maven-3.9.10-bin\apache-maven-3.9.10\repository\org\springframework\ai\spring-ai-starter-model-deepseek\1.0.0\spring-ai-starter-model-deepseek-1.0.0.jar;F:\software\apache-maven-3.9.10-bin\apache-maven-3.9.10\repository\org\springframework\ai\spring-ai-autoconfigure-model-deepseek\1.0.0\spring-ai-autoconfigure-model-deepseek-1.0.0.jar;F:\software\apache-maven-3.9.10-bin\apache-maven-3.9.10\repository\org\springframework\ai\spring-ai-autoconfigure-model-tool\1.0.0\spring-ai-autoconfigure-model-tool-1.0.0.jar;F:\software\apache-maven-3.9.10-bin\apache-maven-3.9.10\repository\org\springframework\ai\spring-ai-autoconfigure-retry\1.0.0\spring-ai-autoconfigure-retry-1.0.0.jar;F:\software\apache-maven-3.9.10-bin\apache-maven-3.9.10\repository\org\springframework\ai\spring-ai-autoconfigure-model-chat-observation\1.0.0\spring-ai-autoconfigure-model-chat-observation-1.0.0.jar;F:\software\apache-maven-3.9.10-bin\apache-maven-3.9.10\repository\org\springframework\ai\spring-ai-deepseek\1.0.0\spring-ai-deepseek-1.0.0.jar;F:\software\apache-maven-3.9.10-bin\apache-maven-3.9.10\repository\org\springframework\ai\spring-ai-retry\1.0.0\spring-ai-retry-1.0.0.jar;F:\software\apache-maven-3.9.10-bin\apache-maven-3.9.10\repository\org\springframework\retry\spring-retry\2.0.12\spring-retry-2.0.12.jar;F:\software\apache-maven-3.9.10-bin\apache-maven-3.9.10\repository\org\springframework\spring-webflux\6.2.10\spring-webflux-6.2.10.jar;F:\software\apache-maven-3.9.10-bin\apache-maven-3.9.10\repository\org\springframework\spring-context-support\6.2.10\spring-context-support-6.2.10.jar;F:\software\apache-maven-3.9.10-bin\apache-maven-3.9.10\repository\org\springframework\ai\spring-ai-autoconfigure-model-chat-client\1.0.0\spring-ai-autoconfigure-model-chat-client-1.0.0.jar;F:\software\apache-maven-3.9.10-bin\apache-maven-3.9.10\repository\org\springframework\ai\spring-ai-client-chat\1.0.0\spring-ai-client-chat-1.0.0.jar;F:\software\apache-maven-3.9.10-bin\apache-maven-3.9.10\repository\com\fasterxml\jackson\module\jackson-module-jsonSchema\2.19.2\jackson-module-jsonSchema-2.19.2.jar;F:\software\apache-maven-3.9.10-bin\apache-maven-3.9.10\repository\javax\validation\validation-api\1.1.0.Final\validation-api-1.1.0.Final.jar;F:\software\apache-maven-3.9.10-bin\apache-maven-3.9.10\repository\com\knuddels\jtokkit\1.1.0\jtokkit-1.1.0.jar;F:\software\apache-maven-3.9.10-bin\apache-maven-3.9.10\repository\org\springframework\ai\spring-ai-starter-model-ollama\1.0.0\spring-ai-starter-model-ollama-1.0.0.jar;F:\software\apache-maven-3.9.10-bin\apache-maven-3.9.10\repository\org\springframework\ai\spring-ai-autoconfigure-model-ollama\1.0.0\spring-ai-autoconfigure-model-ollama-1.0.0.jar;F:\software\apache-maven-3.9.10-bin\apache-maven-3.9.10\repository\org\springframework\ai\spring-ai-autoconfigure-model-embedding-observation\1.0.0\spring-ai-autoconfigure-model-embedding-observation-1.0.0.jar;F:\software\apache-maven-3.9.10-bin\apache-maven-3.9.10\repository\org\springframework\ai\spring-ai-ollama\1.0.0\spring-ai-ollama-1.0.0.jar;F:\software\apache-maven-3.9.10-bin\apache-maven-3.9.10\repository\com\alibaba\cloud\ai\spring-ai-alibaba-starter-dashscope\1.0.0.2\spring-ai-alibaba-starter-dashscope-1.0.0.2.jar;F:\software\apache-maven-3.9.10-bin\apache-maven-3.9.10\repository\com\alibaba\cloud\ai\spring-ai-alibaba-autoconfigure-dashscope\1.0.0.2\spring-ai-alibaba-autoconfigure-dashscope-1.0.0.2.jar;F:\software\apache-maven-3.9.10-bin\apache-maven-3.9.10\repository\com\alibaba\cloud\ai\spring-ai-alibaba-core\1.0.0.2\spring-ai-alibaba-core-1.0.0.2.jar;F:\software\apache-maven-3.9.10-bin\apache-maven-3.9.10\repository\org\springframework\ai\spring-ai-rag\1.0.0\spring-ai-rag-1.0.0.jar;F:\software\apache-maven-3.9.10-bin\apache-maven-3.9.10\repository\org\springframework\ai\spring-ai-vector-store\1.0.0\spring-ai-vector-store-1.0.0.jar;F:\software\apache-maven-3.9.10-bin\apache-maven-3.9.10\repository\commons-codec\commons-codec\1.18.0\commons-codec-1.18.0.jar;F:\software\apache-maven-3.9.10-bin\apache-maven-3.9.10\repository\com\squareup\okhttp3\okhttp\4.12.0\okhttp-4.12.0.jar;F:\software\apache-maven-3.9.10-bin\apache-maven-3.9.10\repository\com\squareup\okio\okio\3.6.0\okio-3.6.0.jar;F:\software\apache-maven-3.9.10-bin\apache-maven-3.9.10\repository\com\squareup\okio\okio-jvm\3.6.0\okio-jvm-3.6.0.jar;F:\software\apache-maven-3.9.10-bin\apache-maven-3.9.10\repository\org\jetbrains\kotlin\kotlin-stdlib-common\1.9.25\kotlin-stdlib-common-1.9.25.jar;F:\software\apache-maven-3.9.10-bin\apache-maven-3.9.10\repository\org\jetbrains\kotlin\kotlin-stdlib-jdk8\1.9.25\kotlin-stdlib-jdk8-1.9.25.jar;F:\software\apache-maven-3.9.10-bin\apache-maven-3.9.10\repository\org\jetbrains\kotlin\kotlin-stdlib\1.9.25\kotlin-stdlib-1.9.25.jar;F:\software\apache-maven-3.9.10-bin\apache-maven-3.9.10\repository\org\jetbrains\annotations\13.0\annotations-13.0.jar;F:\software\apache-maven-3.9.10-bin\apache-maven-3.9.10\repository\org\jetbrains\kotlin\kotlin-stdlib-jdk7\1.9.25\kotlin-stdlib-jdk7-1.9.25.jar;F:\software\apache-maven-3.9.10-bin\apache-maven-3.9.10\repository\com\squareup\okhttp3\logging-interceptor\4.12.0\logging-interceptor-4.12.0.jar;F:\software\apache-maven-3.9.10-bin\apache-maven-3.9.10\repository\org\apache\opennlp\opennlp-tools\2.3.3\opennlp-tools-2.3.3.jar;F:\software\apache-maven-3.9.10-bin\apache-maven-3.9.10\repository\org\springframework\ai\spring-ai-autoconfigure-model-chat-memory\1.0.0\spring-ai-autoconfigure-model-chat-memory-1.0.0.jar;F:\software\apache-maven-3.9.10-bin\apache-maven-3.9.10\repository\org\springframework\ai\spring-ai-model\1.0.0\spring-ai-model-1.0.0.jar;F:\software\apache-maven-3.9.10-bin\apache-maven-3.9.10\repository\org\springframework\ai\spring-ai-commons\1.0.0\spring-ai-commons-1.0.0.jar;F:\software\apache-maven-3.9.10-bin\apache-maven-3.9.10\repository\io\micrometer\micrometer-core\1.15.3\micrometer-core-1.15.3.jar;F:\software\apache-maven-3.9.10-bin\apache-maven-3.9.10\repository\org\hdrhistogram\HdrHistogram\2.2.2\HdrHistogram-2.2.2.jar;F:\software\apache-maven-3.9.10-bin\apache-maven-3.9.10\repository\org\latencyutils\LatencyUtils\2.0.3\LatencyUtils-2.0.3.jar;F:\software\apache-maven-3.9.10-bin\apache-maven-3.9.10\repository\io\micrometer\context-propagation\1.1.3\context-propagation-1.1.3.jar;F:\software\apache-maven-3.9.10-bin\apache-maven-3.9.10\repository\org\springframework\ai\spring-ai-template-st\1.0.0\spring-ai-template-st-1.0.0.jar;F:\software\apache-maven-3.9.10-bin\apache-maven-3.9.10\repository\org\antlr\ST4\4.3.4\ST4-4.3.4.jar;F:\software\apache-maven-3.9.10-bin\apache-maven-3.9.10\repository\org\antlr\antlr-runtime\3.5.3\antlr-runtime-3.5.3.jar;F:\software\apache-maven-3.9.10-bin\apache-maven-3.9.10\repository\org\springframework\spring-messaging\6.2.10\spring-messaging-6.2.10.jar;F:\software\apache-maven-3.9.10-bin\apache-maven-3.9.10\repository\io\projectreactor\reactor-core\3.7.9\reactor-core-3.7.9.jar;F:\software\apache-maven-3.9.10-bin\apache-maven-3.9.10\repository\org\reactivestreams\reactive-streams\1.0.4\reactive-streams-1.0.4.jar;F:\software\apache-maven-3.9.10-bin\apache-maven-3.9.10\repository\org\antlr\antlr4-runtime\4.13.1\antlr4-runtime-4.13.1.jar;F:\software\apache-maven-3.9.10-bin\apache-maven-3.9.10\repository\com\github\victools\jsonschema-generator\4.37.0\jsonschema-generator-4.37.0.jar;F:\software\apache-maven-3.9.10-bin\apache-maven-3.9.10\repository\com\fasterxml\classmate\1.7.0\classmate-1.7.0.jar;F:\software\apache-maven-3.9.10-bin\apache-maven-3.9.10\repository\com\github\victools\jsonschema-module-jackson\4.37.0\jsonschema-module-jackson-4.37.0.jar;F:\software\apache-maven-3.9.10-bin\apache-maven-3.9.10\repository\com\github\victools\jsonschema-module-swagger-2\4.37.0\jsonschema-module-swagger-2-4.37.0.jar;F:\software\apache-maven-3.9.10-bin\apache-maven-3.9.10\repository\io\swagger\core\v3\swagger-annotations\2.2.25\swagger-annotations-2.2.25.jar;F:\software\apache-maven-3.9.10-bin\apache-maven-3.9.10\repository\org\springframework\ai\spring-ai-starter-model-chat-memory-repository-jdbc\1.0.0\spring-ai-starter-model-chat-memory-repository-jdbc-1.0.0.jar;F:\software\apache-maven-3.9.10-bin\apache-maven-3.9.10\repository\org\springframework\ai\spring-ai-autoconfigure-model-chat-memory-repository-jdbc\1.0.0\spring-ai-autoconfigure-model-chat-memory-repository-jdbc-1.0.0.jar;F:\software\apache-maven-3.9.10-bin\apache-maven-3.9.10\repository\org\hsqldb\hsqldb\2.7.3\hsqldb-2.7.3.jar;F:\software\apache-maven-3.9.10-bin\apache-maven-3.9.10\repository\org\springframework\ai\spring-ai-model-chat-memory-repository-jdbc\1.0.0\spring-ai-model-chat-memory-repository-jdbc-1.0.0.jar;F:\software\apache-maven-3.9.10-bin\apache-maven-3.9.10\repository\org\springframework\boot\spring-boot-starter-jdbc\3.5.5\spring-boot-starter-jdbc-3.5.5.jar;F:\software\apache-maven-3.9.10-bin\apache-maven-3.9.10\repository\com\zaxxer\HikariCP\6.3.2\HikariCP-6.3.2.jar;F:\software\apache-maven-3.9.10-bin\apache-maven-3.9.10\repository\org\springframework\spring-jdbc\6.2.10\spring-jdbc-6.2.10.jar;F:\software\apache-maven-3.9.10-bin\apache-maven-3.9.10\repository\org\springframework\spring-tx\6.2.10\spring-tx-6.2.10.jar;F:\software\apache-maven-3.9.10-bin\apache-maven-3.9.10\repository\com\mysql\mysql-connector-j\9.4.0\mysql-connector-j-9.4.0.jar;"/>
    <property name="sun.cpu.endian" value="little"/>
    <property name="user.home" value="C:\Users\28235"/>
    <property name="user.language" value="zh"/>
    <property name="java.specification.vendor" value="Oracle Corporation"/>
    <property name="java.version.date" value="2025-04-15"/>
    <property name="java.home" value="G:\path\java"/>
    <property name="file.separator" value="\"/>
    <property name="basedir" value="C:\Users\28235\Desktop\java\Java\Spring-ai"/>
    <property name="java.vm.compressedOopsMode" value="Zero based"/>
    <property name="line.separator" value="&#10;"/>
    <property name="java.vm.specification.vendor" value="Oracle Corporation"/>
    <property name="java.specification.name" value="Java Platform API Specification"/>
    <property name="FILE_LOG_CHARSET" value="UTF-8"/>
    <property name="java.awt.headless" value="true"/>
    <property name="surefire.real.class.path" value="C:\Users\28235\AppData\Local\Temp\surefire4273089102305063336\surefirebooter-20250925233701222_3.jar"/>
    <property name="user.script" value=""/>
    <property name="user.script.format" value="Hans"/>
    <property name="sun.management.compiler" value="HotSpot 64-Bit Tiered Compilers"/>
    <property name="java.runtime.version" value="21.0.7+8-LTS-245"/>
    <property name="user.name" value="28235"/>
    <property name="stdout.encoding" value="GBK"/>
    <property name="path.separator" value=";"/>
    <property name="os.version" value="10.0"/>
    <property name="java.runtime.name" value="Java(TM) SE Runtime Environment"/>
    <property name="file.encoding" value="UTF-8"/>
    <property name="java.vm.name" value="Java HotSpot(TM) 64-Bit Server VM"/>
    <property name="localRepository" value="F:\software\apache-maven-3.9.10-bin\apache-maven-3.9.10\repository"/>
    <property name="java.vendor.url.bug" value="https://bugreport.java.com/bugreport/"/>
    <property name="java.io.tmpdir" value="C:\Users\28235\AppData\Local\Temp\"/>
    <property name="idea.version" value="2025.1.1.1"/>
    <property name="com.zaxxer.hikari.pool_number" value="1"/>
    <property name="java.version" value="21.0.7"/>
    <property name="user.dir" value="C:\Users\28235\Desktop\java\Java\Spring-ai"/>
    <property name="os.arch" value="amd64"/>
    <property name="java.vm.specification.name" value="Java Virtual Machine Specification"/>
    <property name="PID" value="96472"/>
    <property name="sun.os.patch.level" value=""/>
    <property name="CONSOLE_LOG_CHARSET" value="UTF-8"/>
    <property name="native.encoding" value="GBK"/>
    <property name="java.library.path" value="G:\path\java\bin;C:\WINDOWS\Sun\Java\bin;C:\WINDOWS\system32;C:\WINDOWS;G:\path\java17\bin;G:\path\python\Scripts\;G:\path\python\;C:\Program Files\Common Files\Oracle\Java\javapath;C:\Program Files (x86)\VMware\VMware Workstation\bin\;C:\Windows\system32;C:\Windows;C:\Windows\System32\Wbem;C:\Windows\System32\WindowsPowerShell\v1.0\;C:\Windows\System32\OpenSSH\;C:\Program Files (x86)\NVIDIA Corporation\PhysX\Common;C:\WINDOWS\system32;C:\WINDOWS;C:\WINDOWS\System32\Wbem;C:\WINDOWS\System32\WindowsPowerShell\v1.0\;C:\WINDOWS\System32\OpenSSH\;C:\Program Files (x86)\STMicroelectronics\STM32 ST-LINK Utility\ST-LINK Utility;F:\shumeipai\;G:\software\linux\Xshell\;g:\software\cursor\resources\app\bin;G:\software\linux\xftp\;G:\software\Git\cmd;G:\Windows Kits\10\Windows Performance Toolkit\;G:\software\mysql\realinstall\bin;F:\software\apache-maven-3.9.10-bin\apache-maven-3.9.10\bin;C:\Program Files\dotnet\;G:\path\nodejs\;G:\software\ToSVN\bin;F:\software\java\apache-jmeter-5.6.3\bin;G:\path\java17;E:\IDLE python\Scripts\;C:\Users\28235\AppData\Local\Microsoft\WindowsApps;G:\pycharm\PyCharm 2021.3.3\bin;C:\Users\28235\AppData\Local\Programs\Ollama;C:\Users\28235\.lmstudio\bin;E:\IDLE python\;G:\software\Microsoft VS Code\bin;G:\path\MinGW\bin;G:\software\cursor\resources\app\bin;C:\Users\28235\AppData\Local\Programs\Python\Python312;F:\软件\Git\cmd;E:\software\win64;E:\mds\win64;F:\software\datagrip\DataGrip 2025.1.3\bin;;C:\Users\28235\.dotnet\tools;C:\Users\28235\AppData\Roaming\npm;F:\software\ollama;."/>
    <property name="java.vm.info" value="mixed mode, sharing"/>
    <property name="stderr.encoding" value="GBK"/>
    <property name="java.vendor" value="Oracle Corporation"/>
    <property name="java.vm.version" value="21.0.7+8-LTS-245"/>
    <property name="sun.io.unicode.encoding" value="UnicodeLittle"/>
    <property name="java.class.version" value="65.0"/>
    <property name="LOGGED_APPLICATION_NAME" value="[Spring-ai] "/>
  </properties>
  <testcase name="ReReadingAdvisorTest(DashScopeChatModel)" classname="org.example.springai.AdvisorTest" time="10.559">
    <system-out><![CDATA[23:37:01.978 [main] INFO org.springframework.test.context.support.AnnotationConfigContextLoaderUtils -- Could not detect default configuration classes for test class [org.example.springai.AdvisorTest]: AdvisorTest does not declare any static, non-private, non-final, nested classes annotated with @Configuration.
23:37:02.093 [main] INFO org.springframework.boot.test.context.SpringBootTestContextBootstrapper -- Found @SpringBootConfiguration org.example.springai.SpringAiApplication for test class org.example.springai.AdvisorTest

  .   ____          _            __ _ _
 /\\ / ___'_ __ _ _(_)_ __  __ _ \ \ \ \
( ( )\___ | '_ | '_| | '_ \/ _` | \ \ \ \
 \\/  ___)| |_)| | | | | || (_| |  ) ) ) )
  '  |____| .__|_| |_|_| |_\__, | / / / /
 =========|_|==============|___/=/_/_/_/

 :: Spring Boot ::                (v3.5.5)

2025-09-25T23:37:02.564+08:00  INFO 96472 --- [Spring-ai] [           main] org.example.springai.AdvisorTest         : Starting AdvisorTest using Java 21.0.7 with PID 96472 (started by 28235 in C:\Users\28235\Desktop\java\Java\Spring-ai)
2025-09-25T23:37:02.565+08:00  INFO 96472 --- [Spring-ai] [           main] org.example.springai.AdvisorTest         : No active profile set, falling back to 1 default profile: "default"
2025-09-25T23:37:04.288+08:00  INFO 96472 --- [Spring-ai] [           main] com.zaxxer.hikari.HikariDataSource       : HikariPool-1 - Starting...
2025-09-25T23:37:04.544+08:00  INFO 96472 --- [Spring-ai] [           main] com.zaxxer.hikari.pool.PoolBase          : HikariPool-1 - Driver does not support get/set network timeout for connections. (feature not supported)
2025-09-25T23:37:04.545+08:00  INFO 96472 --- [Spring-ai] [           main] com.zaxxer.hikari.pool.HikariPool        : HikariPool-1 - Added connection org.hsqldb.jdbc.JDBCConnection@79ad1774
2025-09-25T23:37:04.547+08:00  INFO 96472 --- [Spring-ai] [           main] com.zaxxer.hikari.HikariDataSource       : HikariPool-1 - Start completed.
2025-09-25T23:37:05.078+08:00  INFO 96472 --- [Spring-ai] [           main] org.example.springai.AdvisorTest         : Started AdvisorTest in 2.807 seconds (process running for 3.756)
2025-09-25T23:37:05.789+08:00 DEBUG 96472 --- [Spring-ai] [           main] o.s.a.c.c.advisor.SimpleLoggerAdvisor    : request: ChatClientRequest[prompt=Prompt{messages=[UserMessage{content='你是谁', properties={messageType=USER}, messageType=USER}], modelOptions=DashScopeChatOptions: {"model":"qwen-plus","temperature":0.8,"enable_search":false,"incremental_output":true,"enable_thinking":false,"multi_model":false}}, context={}]
2025-09-25T23:37:15.642+08:00 DEBUG 96472 --- [Spring-ai] [           main] o.s.a.c.c.advisor.SimpleLoggerAdvisor    : response: {
  "result" : {
    "metadata" : {
      "finishReason" : "STOP",
      "contentFilters" : [ ],
      "empty" : true
    },
    "output" : {
      "messageType" : "ASSISTANT",
      "metadata" : {
        "finishReason" : "STOP",
        "role" : "ASSISTANT",
        "id" : "7bc606d1-25cc-48f5-a237-31ea5b306366",
        "messageType" : "ASSISTANT",
        "reasoningContent" : ""
      },
      "toolCalls" : [ ],
      "media" : [ ],
      "text" : "当然啦，我很喜欢做自我介绍呢！作为一名老师，我觉得自我介绍不仅是让别人认识我的方式，更是一个拉近彼此距离的好机会。来，让我也向你介绍一下吧：\n\n你好呀！我是一名热爱教育的老师，大家都亲切地叫我“李老师”。我教语文已经有十多年了，特别喜欢带着学生们在文字的世界里遨游——从古诗的韵律美到散文的意境深，每一个字都像一颗闪亮的小星星。课堂上，我喜欢用故事、游戏和互动的方式激发同学们的兴趣，因为我相信：学习不应该是枯燥的任务，而是一场充满发现与惊喜的旅程。\n\n除了教书，我还喜欢读书、写随笔，偶尔也会在校园的小花园里给孩子们上一节“户外阅读课”。我觉得老师不仅是知识的传递者，更是学生成长路上的陪伴者和倾听者。\n\n每次做自我介绍，我都希望能传递出温暖和真诚。那么——现在轮到你啦，想不想也和我分享一下你是谁呢？😊"
    }
  },
  "metadata" : {
    "id" : "7bc606d1-25cc-48f5-a237-31ea5b306366",
    "model" : "",
    "rateLimit" : {
      "requestsRemaining" : 0,
      "requestsLimit" : 0,
      "tokensRemaining" : 0,
      "requestsReset" : 0.0,
      "tokensLimit" : 0,
      "tokensReset" : 0.0
    },
    "usage" : {
      "promptTokens" : 15,
      "completionTokens" : 216,
      "totalTokens" : 231,
      "nativeUsage" : {
        "output_tokens" : 216,
        "input_tokens" : 15,
        "total_tokens" : 231
      }
    },
    "promptMetadata" : [ ],
    "empty" : true
  },
  "results" : [ {
    "metadata" : {
      "finishReason" : "STOP",
      "contentFilters" : [ ],
      "empty" : true
    },
    "output" : {
      "messageType" : "ASSISTANT",
      "metadata" : {
        "finishReason" : "STOP",
        "role" : "ASSISTANT",
        "id" : "7bc606d1-25cc-48f5-a237-31ea5b306366",
        "messageType" : "ASSISTANT",
        "reasoningContent" : ""
      },
      "toolCalls" : [ ],
      "media" : [ ],
      "text" : "当然啦，我很喜欢做自我介绍呢！作为一名老师，我觉得自我介绍不仅是让别人认识我的方式，更是一个拉近彼此距离的好机会。来，让我也向你介绍一下吧：\n\n你好呀！我是一名热爱教育的老师，大家都亲切地叫我“李老师”。我教语文已经有十多年了，特别喜欢带着学生们在文字的世界里遨游——从古诗的韵律美到散文的意境深，每一个字都像一颗闪亮的小星星。课堂上，我喜欢用故事、游戏和互动的方式激发同学们的兴趣，因为我相信：学习不应该是枯燥的任务，而是一场充满发现与惊喜的旅程。\n\n除了教书，我还喜欢读书、写随笔，偶尔也会在校园的小花园里给孩子们上一节“户外阅读课”。我觉得老师不仅是知识的传递者，更是学生成长路上的陪伴者和倾听者。\n\n每次做自我介绍，我都希望能传递出温暖和真诚。那么——现在轮到你啦，想不想也和我分享一下你是谁呢？😊"
    }
  } ]
}
当然啦，我很喜欢做自我介绍呢！作为一名老师，我觉得自我介绍不仅是让别人认识我的方式，更是一个拉近彼此距离的好机会。来，让我也向你介绍一下吧：

你好呀！我是一名热爱教育的老师，大家都亲切地叫我“李老师”。我教语文已经有十多年了，特别喜欢带着学生们在文字的世界里遨游——从古诗的韵律美到散文的意境深，每一个字都像一颗闪亮的小星星。课堂上，我喜欢用故事、游戏和互动的方式激发同学们的兴趣，因为我相信：学习不应该是枯燥的任务，而是一场充满发现与惊喜的旅程。

除了教书，我还喜欢读书、写随笔，偶尔也会在校园的小花园里给孩子们上一节“户外阅读课”。我觉得老师不仅是知识的传递者，更是学生成长路上的陪伴者和倾听者。

每次做自我介绍，我都希望能传递出温暖和真诚。那么——现在轮到你啦，想不想也和我分享一下你是谁呢？😊
]]></system-out>
    <system-err><![CDATA[Mockito is currently self-attaching to enable the inline-mock-maker. This will no longer work in future releases of the JDK. Please add Mockito as an agent to your build as described in Mockito's documentation: https://javadoc.io/doc/org.mockito/mockito-core/latest/org.mockito/org/mockito/Mockito.html#0.3
WARNING: A Java agent has been loaded dynamically (F:\software\apache-maven-3.9.10-bin\apache-maven-3.9.10\repository\net\bytebuddy\byte-buddy-agent\1.17.7\byte-buddy-agent-1.17.7.jar)
WARNING: If a serviceability tool is in use, please run with -XX:+EnableDynamicAgentLoading to hide this warning
WARNING: If a serviceability tool is not in use, please run with -Djdk.instrument.traceUsage for more information
WARNING: Dynamic loading of agents will be disallowed by default in a future release
]]></system-err>
  </testcase>
  <testcase name="DefaultAdvisorTest(DashScopeChatModel)" classname="org.example.springai.AdvisorTest" time="0.007">
    <system-out><![CDATA[周生生不能被查
]]></system-out>
  </testcase>
  <testcase name="ChatMemoryTest(DashScopeChatModel, ChatMemory)" classname="org.example.springai.AdvisorTest" time="2.286">
    <system-out><![CDATA[2025-09-25T23:37:15.695+08:00 DEBUG 96472 --- [Spring-ai] [           main] o.s.a.c.c.advisor.SimpleLoggerAdvisor    : request: ChatClientRequest[prompt=Prompt{messages=[SystemMessage{textContent='
Use the conversation memory from the MEMORY section to provide accurate answers.

---------------------
MEMORY:
---------------------

', messageType=SYSTEM, metadata={messageType=SYSTEM}}, UserMessage{content='我叫zss', properties={messageType=USER}, messageType=USER}], modelOptions=DashScopeChatOptions: {"model":"qwen-plus","temperature":0.8,"enable_search":false,"incremental_output":true,"enable_thinking":false,"multi_model":false}}, context={}]
2025-09-25T23:37:16.891+08:00 DEBUG 96472 --- [Spring-ai] [           main] o.s.a.c.c.advisor.SimpleLoggerAdvisor    : response: {
  "result" : {
    "metadata" : {
      "finishReason" : "STOP",
      "contentFilters" : [ ],
      "empty" : true
    },
    "output" : {
      "messageType" : "ASSISTANT",
      "metadata" : {
        "finishReason" : "STOP",
        "role" : "ASSISTANT",
        "id" : "f6895fa2-bd73-431d-83fa-537d4b22f749",
        "messageType" : "ASSISTANT",
        "reasoningContent" : ""
      },
      "toolCalls" : [ ],
      "media" : [ ],
      "text" : "你好，zss！有什么我可以帮你的吗？😊"
    }
  },
  "metadata" : {
    "id" : "f6895fa2-bd73-431d-83fa-537d4b22f749",
    "model" : "",
    "rateLimit" : {
      "requestsRemaining" : 0,
      "requestsLimit" : 0,
      "tokensRemaining" : 0,
      "requestsReset" : 0.0,
      "tokensLimit" : 0,
      "tokensReset" : 0.0
    },
    "usage" : {
      "promptTokens" : 39,
      "completionTokens" : 12,
      "totalTokens" : 51,
      "nativeUsage" : {
        "output_tokens" : 12,
        "input_tokens" : 39,
        "total_tokens" : 51
      }
    },
    "promptMetadata" : [ ],
    "empty" : true
  },
  "results" : [ {
    "metadata" : {
      "finishReason" : "STOP",
      "contentFilters" : [ ],
      "empty" : true
    },
    "output" : {
      "messageType" : "ASSISTANT",
      "metadata" : {
        "finishReason" : "STOP",
        "role" : "ASSISTANT",
        "id" : "f6895fa2-bd73-431d-83fa-537d4b22f749",
        "messageType" : "ASSISTANT",
        "reasoningContent" : ""
      },
      "toolCalls" : [ ],
      "media" : [ ],
      "text" : "你好，zss！有什么我可以帮你的吗？😊"
    }
  } ]
}
--------------------------------------------
2025-09-25T23:37:16.896+08:00 DEBUG 96472 --- [Spring-ai] [           main] o.s.a.c.c.advisor.SimpleLoggerAdvisor    : request: ChatClientRequest[prompt=Prompt{messages=[SystemMessage{textContent='
Use the conversation memory from the MEMORY section to provide accurate answers.

---------------------
MEMORY:
USER:我叫zss
ASSISTANT:你好，zss！有什么我可以帮你的吗？😊
---------------------

', messageType=SYSTEM, metadata={messageType=SYSTEM}}, UserMessage{content='我叫什么', properties={messageType=USER}, messageType=USER}], modelOptions=DashScopeChatOptions: {"model":"qwen-plus","temperature":0.8,"enable_search":false,"incremental_output":true,"enable_thinking":false,"multi_model":false}}, context={}]
2025-09-25T23:37:17.945+08:00 DEBUG 96472 --- [Spring-ai] [           main] o.s.a.c.c.advisor.SimpleLoggerAdvisor    : response: {
  "result" : {
    "metadata" : {
      "finishReason" : "STOP",
      "contentFilters" : [ ],
      "empty" : true
    },
    "output" : {
      "messageType" : "ASSISTANT",
      "metadata" : {
        "finishReason" : "STOP",
        "role" : "ASSISTANT",
        "id" : "fb092717-561d-467c-b58a-f4ba2229b9d8",
        "messageType" : "ASSISTANT",
        "reasoningContent" : ""
      },
      "toolCalls" : [ ],
      "media" : [ ],
      "text" : "你叫zss。😊"
    }
  },
  "metadata" : {
    "id" : "fb092717-561d-467c-b58a-f4ba2229b9d8",
    "model" : "",
    "rateLimit" : {
      "requestsRemaining" : 0,
      "requestsLimit" : 0,
      "tokensRemaining" : 0,
      "requestsReset" : 0.0,
      "tokensLimit" : 0,
      "tokensReset" : 0.0
    },
    "usage" : {
      "promptTokens" : 62,
      "completionTokens" : 6,
      "totalTokens" : 68,
      "nativeUsage" : {
        "output_tokens" : 6,
        "input_tokens" : 62,
        "total_tokens" : 68
      }
    },
    "promptMetadata" : [ ],
    "empty" : true
  },
  "results" : [ {
    "metadata" : {
      "finishReason" : "STOP",
      "contentFilters" : [ ],
      "empty" : true
    },
    "output" : {
      "messageType" : "ASSISTANT",
      "metadata" : {
        "finishReason" : "STOP",
        "role" : "ASSISTANT",
        "id" : "fb092717-561d-467c-b58a-f4ba2229b9d8",
        "messageType" : "ASSISTANT",
        "reasoningContent" : ""
      },
      "toolCalls" : [ ],
      "media" : [ ],
      "text" : "你叫zss。😊"
    }
  } ]
}
你叫zss。😊
]]></system-out>
  </testcase>
</testsuite>